[2026-06-07T10:39:08.649Z] ============================================
[2026-06-07T10:39:08.667Z] TRACK-46 MASTER EXECUTOR — Mode: ALL
[2026-06-07T10:39:08.669Z] ============================================
[2026-06-07T10:39:08.680Z] --- AGENT A: FUTURE HEALTH ENGINE ---
[2026-06-07T10:39:08.693Z]   Future Health: 30 rows in 0.0s
[2026-06-07T10:39:08.694Z] --- AGENT D: QUALITY ENGINE V4 ---
[2026-06-07T10:39:08.699Z]   Quality V4: 60 rows in 0.0s
[2026-06-07T10:39:08.702Z] --- AGENT E: RISK ENGINE ---
[2026-06-07T10:39:08.709Z]   Risk: 60 rows in 0.0s
[2026-06-07T10:39:08.711Z] --- AGENT G: EXPLAINABILITY ENGINE ---
[2026-06-07T10:39:08.730Z]   Explainability: 250 rows in 0.0s
[2026-06-07T10:39:08.731Z] --- AGENT H: PORTFOLIO DOCTOR ---
[2026-06-07T10:39:08.763Z]   Portfolio Doctor: 2 analysis rows in 0.0s
[2026-06-07T10:39:08.766Z] --- VALIDATION: ENGINE HEALTH REPORT ---
[2026-06-07T10:39:08.772Z]   future_health_registry: 30 rows, 100% coverage, freshness=2026-06-07, status=EXCELLENT
[2026-06-07T10:39:08.773Z]   quality_registry_v4: 60 rows, 200% coverage, freshness=2026-06-07, status=EXCELLENT
[2026-06-07T10:39:08.774Z]   risk_registry: 60 rows, 200% coverage, freshness=2026-06-07, status=EXCELLENT
[2026-06-07T10:39:08.775Z]   explainability_registry: 250 rows, 833.33% coverage, freshness=2026-06-07, status=EXCELLENT
[2026-06-07T10:39:08.776Z]   portfolio_doctor_registry: 2 rows, 100% coverage, freshness=2026-06-07, status=EXCELLENT
[2026-06-07T10:39:08.776Z]   Validation complete in 0.0s
[2026-06-07T10:39:08.778Z] --- ENGINE HEALTH REPORT WRITTEN ---
[2026-06-07T10:39:08.789Z] 
============================================
[2026-06-07T10:39:08.790Z] TRACK-46 EXECUTION COMPLETE
[2026-06-07T10:39:08.790Z] All engines OK: ✅ YES
[2026-06-07T10:39:08.791Z] Certification: TRACK-46 COMPLETE
[2026-06-07T10:39:08.791Z] ============================================
[2026-06-07T10:42:45.041Z] ============================================
[2026-06-07T10:42:45.095Z] TRACK-46 MASTER EXECUTOR — Mode: ALL
[2026-06-07T10:42:45.103Z] ============================================
[2026-06-07T10:42:45.324Z] --- AGENT A: FUTURE HEALTH ENGINE ---
[2026-06-07T10:42:45.350Z]   Future Health: 30 rows in 0.0s
[2026-06-07T10:42:45.371Z] --- AGENT D: QUALITY ENGINE V4 ---
[2026-06-07T10:42:45.384Z]   Quality V4: 60 rows in 0.0s
[2026-06-07T10:42:45.388Z] --- AGENT E: RISK ENGINE ---
[2026-06-07T10:42:45.399Z]   Risk: 60 rows in 0.0s
[2026-06-07T10:42:45.405Z] --- AGENT G: EXPLAINABILITY ENGINE ---
[2026-06-07T10:42:45.468Z]   Explainability: 250 rows in 0.1s
[2026-06-07T10:42:45.474Z] --- AGENT H: PORTFOLIO DOCTOR ---
[2026-06-07T10:42:45.576Z]   Portfolio Doctor: 2 analysis rows in 0.1s
[2026-06-07T10:42:45.614Z] --- VALIDATION: ENGINE HEALTH REPORT ---
[2026-06-07T10:42:45.630Z]   future_health_registry: 30 rows, 100% coverage, freshness=2026-06-07, status=EXCELLENT
[2026-06-07T10:42:45.631Z]   quality_registry_v4: 60 rows, 200% coverage, freshness=2026-06-07, status=EXCELLENT
[2026-06-07T10:42:45.632Z]   risk_registry: 60 rows, 200% coverage, freshness=2026-06-07, status=EXCELLENT
[2026-06-07T10:42:45.638Z]   explainability_registry: 250 rows, 833.33% coverage, freshness=2026-06-07, status=EXCELLENT
[2026-06-07T10:42:45.644Z]   portfolio_doctor_registry: 2 rows, 100% coverage, freshness=2026-06-07, status=EXCELLENT
[2026-06-07T10:42:45.645Z]   Validation complete in 0.0s
[2026-06-07T10:42:45.648Z] --- ENGINE HEALTH REPORT WRITTEN ---
[2026-06-07T10:42:45.664Z] 
============================================
[2026-06-07T10:42:45.665Z] TRACK-46 EXECUTION COMPLETE
[2026-06-07T10:42:45.665Z] All engines OK: ✅ YES
[2026-06-07T10:42:45.666Z] Certification: TRACK-46 COMPLETE
[2026-06-07T10:42:45.674Z] ============================================
