[2026-06-06T22:12:44.136Z] TRACK-46 INTELLIGENCE ENGINE SUITE — Agent: ALL
[2026-06-06T22:12:44.150Z] === AGENT A: FUTURE HEALTH ENGINE ===
[2026-06-06T22:12:44.352Z] ERROR A: no such column: quality_score
[2026-06-06T22:12:44.354Z] === AGENT B: NARRATIVE ENGINE ===
[2026-06-06T22:12:46.515Z]   Narrative records: 150
[2026-06-06T22:12:46.529Z] === AGENT C: INSTITUTIONAL INTELLIGENCE ===
[2026-06-06T22:12:46.571Z]   Institutional records: 30
[2026-06-06T22:12:46.574Z] === AGENT D: QUALITY ENGINE V4 ===
[2026-06-06T22:12:46.589Z] ERROR D: no such column: quality_score
[2026-06-06T22:12:46.590Z] === AGENT E: RISK ENGINE ===
[2026-06-06T22:12:46.604Z] ERROR E: no such column: quality_score
[2026-06-06T22:12:46.608Z] === AGENT F: MANIPULATION DETECTOR ===
[2026-06-06T22:12:46.637Z]   Manipulation checks: 30 (0 flagged)
[2026-06-06T22:12:46.640Z] === AGENT G: EXPLAINABILITY ENGINE ===
[2026-06-06T22:12:46.647Z] ERROR G: no such column: snapshot_date
[2026-06-06T22:12:46.648Z] === AGENT H: PORTFOLIO DOCTOR ===
[2026-06-06T22:12:46.662Z] ERROR H: no such column: snapshot_date
[2026-06-06T22:12:46.663Z] === AGENT I: COMPANY SUPERPAGE V7 SPEC ===
[2026-06-06T22:12:46.664Z]   Superpage V7 spec generated
[2026-06-06T22:12:46.665Z] === AGENT J: PUBLIC TRUST CENTRE ===
[2026-06-06T22:12:47.228Z]   Trust Centre: alpha=0.6195705295403432, hitRate=0.5932907542579076
[2026-06-06T22:12:47.234Z] === AGENT K: MOAT ANALYSIS ===
[2026-06-06T22:12:47.240Z]   Moat analysis complete
[2026-06-06T22:12:47.244Z] DONE. 6/11 agents passed.
[2026-06-06T22:16:16.991Z] TRACK-46 INTELLIGENCE ENGINE SUITE — Agent: A
[2026-06-06T22:16:17.005Z] === AGENT A: FUTURE HEALTH ENGINE ===
[2026-06-06T22:16:17.036Z] ERROR A: no such column: quality_score
[2026-06-06T22:16:17.041Z] DONE. 0/1 agents passed.
