[2026-06-06T22:23:29.149Z] TRACK-46 PATCH — Agents A, D, E, G, H
[2026-06-06T22:23:29.235Z] === AGENT A: FUTURE HEALTH ENGINE ===
[2026-06-06T22:23:29.490Z]   90 future health records
[2026-06-06T22:23:29.514Z] === AGENT D: QUALITY ENGINE V4 ===
[2026-06-06T22:23:29.589Z] ERROR D: table quality_registry_v4 has no column named profitability
[2026-06-06T22:23:29.594Z] === AGENT E: RISK ENGINE ===
[2026-06-06T22:23:29.643Z] ERROR E: table risk_registry has no column named volatility_risk
[2026-06-06T22:23:29.647Z] === AGENT G: EXPLAINABILITY ENGINE ===
[2026-06-06T22:23:29.787Z]   70 explainability records
[2026-06-06T22:23:29.800Z] === AGENT H: PORTFOLIO DOCTOR ===
[2026-06-06T22:23:29.840Z]   Portfolio: 30 stocks, 0 sectors, health=RESILIENT
[2026-06-06T22:23:29.852Z] === VALIDATION ===
[2026-06-06T22:23:29.885Z]   future_health_registry: 90 rows — ✅ POPULATED
[2026-06-06T22:23:29.886Z]   quality_registry_v4: 0 rows — ❌ EMPTY
[2026-06-06T22:23:29.889Z]   risk_registry: 0 rows — ❌ EMPTY
[2026-06-06T22:23:29.892Z]   explainability_registry: 70 rows — ✅ POPULATED
[2026-06-06T22:23:29.893Z]   portfolio_doctor_registry: 1 rows — ✅ POPULATED
[2026-06-06T22:23:29.895Z]   3/5 registries populated
[2026-06-06T22:23:29.900Z] DONE. 4/6 agents OK. All ops: false
[2026-06-06T22:25:47.998Z] TRACK-46 PATCH — Agents A, D, E, G, H
[2026-06-06T22:25:48.016Z] === AGENT A: FUTURE HEALTH ENGINE ===
[2026-06-06T22:25:48.085Z]   90 future health records
[2026-06-06T22:25:48.091Z] === AGENT D: QUALITY ENGINE V4 ===
[2026-06-06T22:25:48.106Z] ERROR D: table quality_registry_v4 has no column named profitability
[2026-06-06T22:25:48.108Z] === AGENT E: RISK ENGINE ===
[2026-06-06T22:25:48.124Z] ERROR E: table risk_registry has no column named volatility_risk
[2026-06-06T22:25:48.126Z] === AGENT G: EXPLAINABILITY ENGINE ===
[2026-06-06T22:25:48.180Z]   70 explainability records
[2026-06-06T22:25:48.183Z] === AGENT H: PORTFOLIO DOCTOR ===
[2026-06-06T22:25:48.198Z]   Portfolio: 30 stocks, 0 sectors, health=RESILIENT
[2026-06-06T22:25:48.202Z] === VALIDATION ===
[2026-06-06T22:25:48.209Z]   future_health_registry: 90 rows — ✅ POPULATED
[2026-06-06T22:25:48.210Z]   quality_registry_v4: 0 rows — ❌ EMPTY
[2026-06-06T22:25:48.211Z]   risk_registry: 0 rows — ❌ EMPTY
[2026-06-06T22:25:48.212Z]   explainability_registry: 70 rows — ✅ POPULATED
[2026-06-06T22:25:48.212Z]   portfolio_doctor_registry: 1 rows — ✅ POPULATED
[2026-06-06T22:25:48.213Z]   3/5 registries populated
[2026-06-06T22:25:48.216Z] DONE. 4/6 agents OK. All ops: false
