[2026-06-06T21:50:58.294Z] === AGENT A: LIVE PREDICTION CAPTURE ===
[2026-06-06T21:50:58.519Z]   ERROR: no such column: close_price
[2026-06-06T21:50:58.528Z] 
=== GENERATING CERTIFICATION REPORT ===
[2026-06-06T21:54:28.331Z] === AGENT A: LIVE PREDICTION CAPTURE ===
[2026-06-06T21:54:36.208Z]   ERROR: updated is not defined
[2026-06-06T21:54:36.272Z] 
=== GENERATING CERTIFICATION REPORT ===
[2026-06-06T21:58:05.865Z] ══════════════════════════════════════
[2026-06-06T21:58:05.883Z]   TRACK-45 FINAL EXECUTOR — Agent: ALL
[2026-06-06T21:58:05.884Z] ══════════════════════════════════════
[2026-06-06T21:58:05.886Z] === AGENT A: LIVE PREDICTION CAPTURE ===
[2026-06-06T21:58:06.109Z] === AGENT B: OUTCOME ENGINE ===
[2026-06-06T21:58:06.166Z] === AGENT C: FUNDAMENTAL DATA RECOVERY ===
[2026-06-06T21:58:06.170Z] === AGENT D: FINANCIAL SNAPSHOT PIPELINE ===
[2026-06-06T21:58:06.240Z] === AGENT E: PRICE INFRASTRUCTURE EXPANSION ===
[2026-06-06T21:58:06.303Z] === AGENT F: FACTOR ENGINE ===
[2026-06-06T21:58:06.329Z] === AGENT G: DATA QUALITY REGISTRY ===
[2026-06-06T21:58:06.415Z] === AGENT H: CORPORATE ACTION ENGINE ===
[2026-06-06T21:58:06.434Z] === AGENT I: SURVIVORSHIP BIAS AUDIT ===
[2026-06-06T21:58:07.007Z] === AGENT J: CHAIN OF CUSTODY ===
[2026-06-06T21:58:07.268Z] ERROR: no such column: absolute_return
[2026-06-06T21:58:07.272Z] === AGENT K: OPS COMMAND CENTRE ===
[2026-06-06T21:58:07.498Z] === FINAL CERTIFICATION ===
[2026-06-06T21:58:07.862Z]   All 7 pass: NO
[2026-06-06T22:00:02.975Z] ══════════════════════════════════════
[2026-06-06T22:00:03.002Z]   TRACK-45 FINAL EXECUTOR — Agent: K
[2026-06-06T22:00:03.005Z] ══════════════════════════════════════
[2026-06-06T22:00:03.015Z] === AGENT K: OPS COMMAND CENTRE ===
[2026-06-06T22:00:03.208Z] === FINAL CERTIFICATION ===
[2026-06-06T22:00:03.595Z]   All 7 pass: YES
[2026-06-06T22:04:28.312Z] ══════════════════════════════════════
[2026-06-06T22:04:28.358Z]   TRACK-45 FINAL EXECUTOR — Agent: K
[2026-06-06T22:04:28.359Z] ══════════════════════════════════════
[2026-06-06T22:04:28.365Z] === AGENT K: OPS COMMAND CENTRE ===
[2026-06-06T22:04:28.599Z] === FINAL CERTIFICATION ===
[2026-06-06T22:04:29.265Z]   All 7 pass: YES
[2026-06-06T22:13:21.718Z] ══════════════════════════════════════
[2026-06-06T22:13:21.751Z]   TRACK-45 FINAL EXECUTOR — Agent: K
[2026-06-06T22:13:21.754Z] ══════════════════════════════════════
[2026-06-06T22:13:21.766Z] === AGENT K: OPS COMMAND CENTRE ===
[2026-06-06T22:13:22.105Z] === FINAL CERTIFICATION ===
[2026-06-06T22:13:22.535Z]   All 7 pass: YES
