
> prediction-engine@0.1.0 typecheck:backend
> tsc -p tsconfig.backend.json --noEmit

src/backend/monitoring/requestIdPlugin.ts(15,9): error TS2339: Property 'requestId' does not exist on type 'FastifyRequest<RouteGenericInterface, RawServerDefault, IncomingMessage, FastifySchema, FastifyTypeProviderDefault, unknown, FastifyBaseLogger, ResolveFastifyRequestType<...>>'.
src/backend/monitoring/requestIdPlugin.ts(23,38): error TS2339: Property 'requestId' does not exist on type 'FastifyRequest<RouteGenericInterface, RawServerDefault, IncomingMessage, FastifySchema, FastifyTypeProviderDefault, unknown, FastifyBaseLogger, ResolveFastifyRequestType<...>>'.
src/backend/persistence/cache/cachePlugin.ts(19,19): error TS2339: Property 'env' does not exist on type 'FastifyInstance<RawServerDefault, IncomingMessage, ServerResponse<IncomingMessage>, FastifyBaseLogger, FastifyTypeProviderDefault>'.
src/backend/persistence/postgres/postgresPlugin.ts(14,12): error TS2339: Property 'env' does not exist on type 'FastifyInstance<RawServerDefault, IncomingMessage, ServerResponse<IncomingMessage>, FastifyBaseLogger, FastifyTypeProviderDefault>'.
src/backend/persistence/postgres/postgresPlugin.ts(20,41): error TS2339: Property 'env' does not exist on type 'FastifyInstance<RawServerDefault, IncomingMessage, ServerResponse<IncomingMessage>, FastifyBaseLogger, FastifyTypeProviderDefault>'.
src/backend/web/app.ts(20,5): error TS2687: All declarations of 'db' must have identical modifiers.
src/backend/web/routes/ops.ts(49,37): error TS2769: No overload matches this call.
  Overload 1 of 4, '(value: string | number | Date): Date', gave the following error.
    Argument of type '{}' is not assignable to parameter of type 'string | number | Date'.
  Overload 2 of 4, '(value: string | number): Date', gave the following error.
    Argument of type '{}' is not assignable to parameter of type 'string | number'.
src/backend/web/routes/retention.ts(39,7): error TS2769: No overload matches this call.
  Overload 1 of 4, '(path: string, opts: RouteShorthandOptions<RawServerDefault, IncomingMessage, ServerResponse<IncomingMessage>, RouteGenericInterface, unknown, FastifySchema, FastifyTypeProviderDefault, FastifyBaseLogger> & { ...; }, handler?: WebsocketHandler<...> | undefined): FastifyInstance<...>', gave the following error.
    Argument of type '{ preHandler: ((request: FastifyRequest, reply: FastifyReply) => Promise<void>)[]; }' is not assignable to parameter of type 'RouteShorthandOptions<RawServerDefault, IncomingMessage, ServerResponse<IncomingMessage>, RouteGenericInterface, unknown, FastifySchema, FastifyTypeProviderDefault, FastifyBaseLogger> & { ...; }'.
      Property 'websocket' is missing in type '{ preHandler: ((request: FastifyRequest, reply: FastifyReply) => Promise<void>)[]; }' but required in type '{ websocket: true; }'.
  Overload 2 of 4, '(path: string, opts: RouteShorthandOptions<RawServerDefault, IncomingMessage, ServerResponse<IncomingMessage>, RouteGenericInterface, unknown, FastifySchema, FastifyTypeProviderDefault, FastifyBaseLogger>, handler: RouteHandlerMethod<...>): FastifyInstance<...>', gave the following error.
    Argument of type '(request: FastifyRequest<{ Body: WatchlistBody; }>, reply: FastifyReply) => Promise<never>' is not assignable to parameter of type 'RouteHandlerMethod<RawServerDefault, IncomingMessage, ServerResponse<IncomingMessage>, RouteGenericInterface, unknown, FastifySchema, FastifyTypeProviderDefault, FastifyBaseLogger>'.
      Types of parameters 'request' and 'request' are incompatible.
        Type 'FastifyRequest<RouteGenericInterface, RawServerDefault, IncomingMessage, FastifySchema, FastifyTypeProviderDefault, unknown, FastifyBaseLogger, ResolveFastifyRequestType<...>>' is not assignable to type 'FastifyRequest<{ Body: WatchlistBody; }, RawServerDefault, IncomingMessage, FastifySchema, FastifyTypeProviderDefault, unknown, FastifyBaseLogger, ResolveFastifyRequestType<...>>'.
          Type 'RouteGenericInterface' is not assignable to type '{ Body: WatchlistBody; }'.
            Types of property 'Body' are incompatible.
              Type 'unknown' is not assignable to type 'WatchlistBody'.
src/backend/web/routes/retention.ts(52,7): error TS2769: No overload matches this call.
  Overload 1 of 4, '(path: string, opts: RouteShorthandOptions<RawServerDefault, IncomingMessage, ServerResponse<IncomingMessage>, RouteGenericInterface, unknown, FastifySchema, FastifyTypeProviderDefault, FastifyBaseLogger> & { ...; }, handler?: WebsocketHandler<...> | undefined): FastifyInstance<...>', gave the following error.
    Argument of type '{ preHandler: ((request: FastifyRequest, reply: FastifyReply) => Promise<void>)[]; }' is not assignable to parameter of type 'RouteShorthandOptions<RawServerDefault, IncomingMessage, ServerResponse<IncomingMessage>, RouteGenericInterface, unknown, FastifySchema, FastifyTypeProviderDefault, FastifyBaseLogger> & { ...; }'.
      Property 'websocket' is missing in type '{ preHandler: ((request: FastifyRequest, reply: FastifyReply) => Promise<void>)[]; }' but required in type '{ websocket: true; }'.
  Overload 2 of 4, '(path: string, opts: RouteShorthandOptions<RawServerDefault, IncomingMessage, ServerResponse<IncomingMessage>, RouteGenericInterface, unknown, FastifySchema, FastifyTypeProviderDefault, FastifyBaseLogger>, handler: RouteHandlerMethod<...>): FastifyInstance<...>', gave the following error.
    Argument of type '(request: FastifyRequest<{ Params: WatchlistIdParams; Body: WatchlistBody; }>, reply: FastifyReply) => Promise<never>' is not assignable to parameter of type 'RouteHandlerMethod<RawServerDefault, IncomingMessage, ServerResponse<IncomingMessage>, RouteGenericInterface, unknown, FastifySchema, FastifyTypeProviderDefault, FastifyBaseLogger>'.
      Types of parameters 'request' and 'request' are incompatible.
        Type 'FastifyRequest<RouteGenericInterface, RawServerDefault, IncomingMessage, FastifySchema, FastifyTypeProviderDefault, unknown, FastifyBaseLogger, ResolveFastifyRequestType<...>>' is not assignable to type 'FastifyRequest<{ Params: WatchlistIdParams; Body: WatchlistBody; }, RawServerDefault, IncomingMessage, FastifySchema, FastifyTypeProviderDefault, unknown, FastifyBaseLogger, ResolveFastifyRequestType<...>>'.
          Type 'RouteGenericInterface' is not assignable to type '{ Params: WatchlistIdParams; Body: WatchlistBody; }'.
            Types of property 'Params' are incompatible.
              Type 'unknown' is not assignable to type 'WatchlistIdParams'.
src/backend/web/routes/retention.ts(65,7): error TS2769: No overload matches this call.
  Overload 1 of 4, '(path: string, opts: RouteShorthandOptions<RawServerDefault, IncomingMessage, ServerResponse<IncomingMessage>, RouteGenericInterface, unknown, FastifySchema, FastifyTypeProviderDefault, FastifyBaseLogger> & { ...; }, handler?: WebsocketHandler<...> | undefined): FastifyInstance<...>', gave the following error.
    Argument of type '{ preHandler: ((request: FastifyRequest, reply: FastifyReply) => Promise<void>)[]; }' is not assignable to parameter of type 'RouteShorthandOptions<RawServerDefault, IncomingMessage, ServerResponse<IncomingMessage>, RouteGenericInterface, unknown, FastifySchema, FastifyTypeProviderDefault, FastifyBaseLogger> & { ...; }'.
      Property 'websocket' is missing in type '{ preHandler: ((request: FastifyRequest, reply: FastifyReply) => Promise<void>)[]; }' but required in type '{ websocket: true; }'.
  Overload 2 of 4, '(path: string, opts: RouteShorthandOptions<RawServerDefault, IncomingMessage, ServerResponse<IncomingMessage>, RouteGenericInterface, unknown, FastifySchema, FastifyTypeProviderDefault, FastifyBaseLogger>, handler: RouteHandlerMethod<...>): FastifyInstance<...>', gave the following error.
    Argument of type '(request: FastifyRequest<{ Params: WatchlistIdParams; }>, reply: FastifyReply) => Promise<never>' is not assignable to parameter of type 'RouteHandlerMethod<RawServerDefault, IncomingMessage, ServerResponse<IncomingMessage>, RouteGenericInterface, unknown, FastifySchema, FastifyTypeProviderDefault, FastifyBaseLogger>'.
      Types of parameters 'request' and 'request' are incompatible.
        Type 'FastifyRequest<RouteGenericInterface, RawServerDefault, IncomingMessage, FastifySchema, FastifyTypeProviderDefault, unknown, FastifyBaseLogger, ResolveFastifyRequestType<...>>' is not assignable to type 'FastifyRequest<{ Params: WatchlistIdParams; }, RawServerDefault, IncomingMessage, FastifySchema, FastifyTypeProviderDefault, unknown, FastifyBaseLogger, ResolveFastifyRequestType<...>>'.
          Type 'RouteGenericInterface' is not assignable to type '{ Params: WatchlistIdParams; }'.
            Types of property 'Params' are incompatible.
              Type 'unknown' is not assignable to type 'WatchlistIdParams'.
src/backend/web/routes/retention.ts(74,7): error TS2769: No overload matches this call.
  Overload 1 of 4, '(path: string, opts: RouteShorthandOptions<RawServerDefault, IncomingMessage, ServerResponse<IncomingMessage>, RouteGenericInterface, unknown, FastifySchema, FastifyTypeProviderDefault, FastifyBaseLogger> & { ...; }, handler?: WebsocketHandler<...> | undefined): FastifyInstance<...>', gave the following error.
    Argument of type '{ preHandler: ((request: FastifyRequest, reply: FastifyReply) => Promise<void>)[]; }' is not assignable to parameter of type 'RouteShorthandOptions<RawServerDefault, IncomingMessage, ServerResponse<IncomingMessage>, RouteGenericInterface, unknown, FastifySchema, FastifyTypeProviderDefault, FastifyBaseLogger> & { ...; }'.
      Property 'websocket' is missing in type '{ preHandler: ((request: FastifyRequest, reply: FastifyReply) => Promise<void>)[]; }' but required in type '{ websocket: true; }'.
  Overload 2 of 4, '(path: string, opts: RouteShorthandOptions<RawServerDefault, IncomingMessage, ServerResponse<IncomingMessage>, RouteGenericInterface, unknown, FastifySchema, FastifyTypeProviderDefault, FastifyBaseLogger>, handler: RouteHandlerMethod<...>): FastifyInstance<...>', gave the following error.
    Argument of type '(request: FastifyRequest<{ Params: WatchlistIdParams; Body: TickerBody; }>, reply: FastifyReply) => Promise<never>' is not assignable to parameter of type 'RouteHandlerMethod<RawServerDefault, IncomingMessage, ServerResponse<IncomingMessage>, RouteGenericInterface, unknown, FastifySchema, FastifyTypeProviderDefault, FastifyBaseLogger>'.
      Types of parameters 'request' and 'request' are incompatible.
        Type 'FastifyRequest<RouteGenericInterface, RawServerDefault, IncomingMessage, FastifySchema, FastifyTypeProviderDefault, unknown, FastifyBaseLogger, ResolveFastifyRequestType<...>>' is not assignable to type 'FastifyRequest<{ Params: WatchlistIdParams; Body: TickerBody; }, RawServerDefault, IncomingMessage, FastifySchema, FastifyTypeProviderDefault, unknown, FastifyBaseLogger, ResolveFastifyRequestType<...>>'.
          Type 'RouteGenericInterface' is not assignable to type '{ Params: WatchlistIdParams; Body: TickerBody; }'.
            Types of property 'Params' are incompatible.
              Type 'unknown' is not assignable to type 'WatchlistIdParams'.
src/backend/web/routes/retention.ts(86,7): error TS2769: No overload matches this call.
  Overload 1 of 4, '(path: string, opts: RouteShorthandOptions<RawServerDefault, IncomingMessage, ServerResponse<IncomingMessage>, RouteGenericInterface, unknown, FastifySchema, FastifyTypeProviderDefault, FastifyBaseLogger> & { ...; }, handler?: WebsocketHandler<...> | undefined): FastifyInstance<...>', gave the following error.
    Argument of type '{ preHandler: ((request: FastifyRequest, reply: FastifyReply) => Promise<void>)[]; }' is not assignable to parameter of type 'RouteShorthandOptions<RawServerDefault, IncomingMessage, ServerResponse<IncomingMessage>, RouteGenericInterface, unknown, FastifySchema, FastifyTypeProviderDefault, FastifyBaseLogger> & { ...; }'.
      Property 'websocket' is missing in type '{ preHandler: ((request: FastifyRequest, reply: FastifyReply) => Promise<void>)[]; }' but required in type '{ websocket: true; }'.
  Overload 2 of 4, '(path: string, opts: RouteShorthandOptions<RawServerDefault, IncomingMessage, ServerResponse<IncomingMessage>, RouteGenericInterface, unknown, FastifySchema, FastifyTypeProviderDefault, FastifyBaseLogger>, handler: RouteHandlerMethod<...>): FastifyInstance<...>', gave the following error.
    Argument of type '(request: FastifyRequest<{ Params: WatchlistIdParams & { ticker: string; }; }>, reply: FastifyReply) => Promise<never>' is not assignable to parameter of type 'RouteHandlerMethod<RawServerDefault, IncomingMessage, ServerResponse<IncomingMessage>, RouteGenericInterface, unknown, FastifySchema, FastifyTypeProviderDefault, FastifyBaseLogger>'.
      Types of parameters 'request' and 'request' are incompatible.
        Type 'FastifyRequest<RouteGenericInterface, RawServerDefault, IncomingMessage, FastifySchema, FastifyTypeProviderDefault, unknown, FastifyBaseLogger, ResolveFastifyRequestType<...>>' is not assignable to type 'FastifyRequest<{ Params: WatchlistIdParams & { ticker: string; }; }, RawServerDefault, IncomingMessage, FastifySchema, FastifyTypeProviderDefault, unknown, FastifyBaseLogger, ResolveFastifyRequestType<...>>'.
          Type 'RouteGenericInterface' is not assignable to type '{ Params: WatchlistIdParams & { ticker: string; }; }'.
            Types of property 'Params' are incompatible.
              Type 'unknown' is not assignable to type 'WatchlistIdParams & { ticker: string; }'.
                Type 'unknown' is not assignable to type 'WatchlistIdParams'.
src/backend/web/routes/retention.ts(118,7): error TS2769: No overload matches this call.
  Overload 1 of 4, '(path: string, opts: RouteShorthandOptions<RawServerDefault, IncomingMessage, ServerResponse<IncomingMessage>, RouteGenericInterface, unknown, FastifySchema, FastifyTypeProviderDefault, FastifyBaseLogger> & { ...; }, handler?: WebsocketHandler<...> | undefined): FastifyInstance<...>', gave the following error.
    Argument of type '{ preHandler: ((request: FastifyRequest, reply: FastifyReply) => Promise<void>)[]; }' is not assignable to parameter of type 'RouteShorthandOptions<RawServerDefault, IncomingMessage, ServerResponse<IncomingMessage>, RouteGenericInterface, unknown, FastifySchema, FastifyTypeProviderDefault, FastifyBaseLogger> & { ...; }'.
      Property 'websocket' is missing in type '{ preHandler: ((request: FastifyRequest, reply: FastifyReply) => Promise<void>)[]; }' but required in type '{ websocket: true; }'.
  Overload 2 of 4, '(path: string, opts: RouteShorthandOptions<RawServerDefault, IncomingMessage, ServerResponse<IncomingMessage>, RouteGenericInterface, unknown, FastifySchema, FastifyTypeProviderDefault, FastifyBaseLogger>, handler: RouteHandlerMethod<...>): FastifyInstance<...>', gave the following error.
    Argument of type '(request: FastifyRequest<{ Params: AlertIdParams; }>, reply: FastifyReply) => Promise<never>' is not assignable to parameter of type 'RouteHandlerMethod<RawServerDefault, IncomingMessage, ServerResponse<IncomingMessage>, RouteGenericInterface, unknown, FastifySchema, FastifyTypeProviderDefault, FastifyBaseLogger>'.
      Types of parameters 'request' and 'request' are incompatible.
        Type 'FastifyRequest<RouteGenericInterface, RawServerDefault, IncomingMessage, FastifySchema, FastifyTypeProviderDefault, unknown, FastifyBaseLogger, ResolveFastifyRequestType<...>>' is not assignable to type 'FastifyRequest<{ Params: AlertIdParams; }, RawServerDefault, IncomingMessage, FastifySchema, FastifyTypeProviderDefault, unknown, FastifyBaseLogger, ResolveFastifyRequestType<...>>'.
          Type 'RouteGenericInterface' is not assignable to type '{ Params: AlertIdParams; }'.
            Types of property 'Params' are incompatible.
              Type 'unknown' is not assignable to type 'AlertIdParams'.
src/backend/web/routes/retention.ts(151,7): error TS2769: No overload matches this call.
  Overload 1 of 4, '(path: string, opts: RouteShorthandOptions<RawServerDefault, IncomingMessage, ServerResponse<IncomingMessage>, RouteGenericInterface, unknown, FastifySchema, FastifyTypeProviderDefault, FastifyBaseLogger> & { ...; }, handler?: WebsocketHandler<...> | undefined): FastifyInstance<...>', gave the following error.
    Argument of type '{ preHandler: ((request: FastifyRequest, reply: FastifyReply) => Promise<void>)[]; }' is not assignable to parameter of type 'RouteShorthandOptions<RawServerDefault, IncomingMessage, ServerResponse<IncomingMessage>, RouteGenericInterface, unknown, FastifySchema, FastifyTypeProviderDefault, FastifyBaseLogger> & { ...; }'.
      Property 'websocket' is missing in type '{ preHandler: ((request: FastifyRequest, reply: FastifyReply) => Promise<void>)[]; }' but required in type '{ websocket: true; }'.
  Overload 2 of 4, '(path: string, opts: RouteShorthandOptions<RawServerDefault, IncomingMessage, ServerResponse<IncomingMessage>, RouteGenericInterface, unknown, FastifySchema, FastifyTypeProviderDefault, FastifyBaseLogger>, handler: RouteHandlerMethod<...>): FastifyInstance<...>', gave the following error.
    Argument of type '(request: FastifyRequest<{ Querystring: ShareQuery; }>, reply: FastifyReply) => Promise<never>' is not assignable to parameter of type 'RouteHandlerMethod<RawServerDefault, IncomingMessage, ServerResponse<IncomingMessage>, RouteGenericInterface, unknown, FastifySchema, FastifyTypeProviderDefault, FastifyBaseLogger>'.
      Types of parameters 'request' and 'request' are incompatible.
        Type 'FastifyRequest<RouteGenericInterface, RawServerDefault, IncomingMessage, FastifySchema, FastifyTypeProviderDefault, unknown, FastifyBaseLogger, ResolveFastifyRequestType<...>>' is not assignable to type 'FastifyRequest<{ Querystring: ShareQuery; }, RawServerDefault, IncomingMessage, FastifySchema, FastifyTypeProviderDefault, unknown, FastifyBaseLogger, ResolveFastifyRequestType<...>>'.
          Type 'RouteGenericInterface' is not assignable to type '{ Querystring: ShareQuery; }'.
            Types of property 'Querystring' are incompatible.
              Type 'unknown' is not assignable to type 'ShareQuery'.
src/backend/web/routes/retention.ts(198,7): error TS2769: No overload matches this call.
  Overload 1 of 4, '(path: string, opts: RouteShorthandOptions<RawServerDefault, IncomingMessage, ServerResponse<IncomingMessage>, RouteGenericInterface, unknown, FastifySchema, FastifyTypeProviderDefault, FastifyBaseLogger> & { ...; }, handler?: WebsocketHandler<...> | undefined): FastifyInstance<...>', gave the following error.
    Argument of type '{ preHandler: ((request: FastifyRequest, reply: FastifyReply) => Promise<void>)[]; }' is not assignable to parameter of type 'RouteShorthandOptions<RawServerDefault, IncomingMessage, ServerResponse<IncomingMessage>, RouteGenericInterface, unknown, FastifySchema, FastifyTypeProviderDefault, FastifyBaseLogger> & { ...; }'.
      Property 'websocket' is missing in type '{ preHandler: ((request: FastifyRequest, reply: FastifyReply) => Promise<void>)[]; }' but required in type '{ websocket: true; }'.
  Overload 2 of 4, '(path: string, opts: RouteShorthandOptions<RawServerDefault, IncomingMessage, ServerResponse<IncomingMessage>, RouteGenericInterface, unknown, FastifySchema, FastifyTypeProviderDefault, FastifyBaseLogger>, handler: RouteHandlerMethod<...>): FastifyInstance<...>', gave the following error.
    Argument of type '(request: FastifyRequest<{ Params: ReferralCodeParams; }>, reply: FastifyReply) => Promise<never>' is not assignable to parameter of type 'RouteHandlerMethod<RawServerDefault, IncomingMessage, ServerResponse<IncomingMessage>, RouteGenericInterface, unknown, FastifySchema, FastifyTypeProviderDefault, FastifyBaseLogger>'.
      Types of parameters 'request' and 'request' are incompatible.
        Type 'FastifyRequest<RouteGenericInterface, RawServerDefault, IncomingMessage, FastifySchema, FastifyTypeProviderDefault, unknown, FastifyBaseLogger, ResolveFastifyRequestType<...>>' is not assignable to type 'FastifyRequest<{ Params: ReferralCodeParams; }, RawServerDefault, IncomingMessage, FastifySchema, FastifyTypeProviderDefault, unknown, FastifyBaseLogger, ResolveFastifyRequestType<...>>'.
          Type 'RouteGenericInterface' is not assignable to type '{ Params: ReferralCodeParams; }'.
            Types of property 'Params' are incompatible.
              Type 'unknown' is not assignable to type 'ReferralCodeParams'.
src/backend/web/routes/retention.ts(224,7): error TS2769: No overload matches this call.
  Overload 1 of 4, '(path: string, opts: RouteShorthandOptions<RawServerDefault, IncomingMessage, ServerResponse<IncomingMessage>, RouteGenericInterface, unknown, FastifySchema, FastifyTypeProviderDefault, FastifyBaseLogger> & { ...; }, handler?: WebsocketHandler<...> | undefined): FastifyInstance<...>', gave the following error.
    Argument of type '{ preHandler: ((request: FastifyRequest, reply: FastifyReply) => Promise<void>)[]; }' is not assignable to parameter of type 'RouteShorthandOptions<RawServerDefault, IncomingMessage, ServerResponse<IncomingMessage>, RouteGenericInterface, unknown, FastifySchema, FastifyTypeProviderDefault, FastifyBaseLogger> & { ...; }'.
      Property 'websocket' is missing in type '{ preHandler: ((request: FastifyRequest, reply: FastifyReply) => Promise<void>)[]; }' but required in type '{ websocket: true; }'.
  Overload 2 of 4, '(path: string, opts: RouteShorthandOptions<RawServerDefault, IncomingMessage, ServerResponse<IncomingMessage>, RouteGenericInterface, unknown, FastifySchema, FastifyTypeProviderDefault, FastifyBaseLogger>, handler: RouteHandlerMethod<...>): FastifyInstance<...>', gave the following error.
    Argument of type '(request: FastifyRequest<{ Params: { featureKey: string; }; }>, reply: FastifyReply) => Promise<never>' is not assignable to parameter of type 'RouteHandlerMethod<RawServerDefault, IncomingMessage, ServerResponse<IncomingMessage>, RouteGenericInterface, unknown, FastifySchema, FastifyTypeProviderDefault, FastifyBaseLogger>'.
      Types of parameters 'request' and 'request' are incompatible.
        Type 'FastifyRequest<RouteGenericInterface, RawServerDefault, IncomingMessage, FastifySchema, FastifyTypeProviderDefault, unknown, FastifyBaseLogger, ResolveFastifyRequestType<...>>' is not assignable to type 'FastifyRequest<{ Params: { featureKey: string; }; }, RawServerDefault, IncomingMessage, FastifySchema, FastifyTypeProviderDefault, unknown, FastifyBaseLogger, ResolveFastifyRequestType<...>>'.
          Type 'RouteGenericInterface' is not assignable to type '{ Params: { featureKey: string; }; }'.
            Types of property 'Params' are incompatible.
              Type 'unknown' is not assignable to type '{ featureKey: string; }'.
src/backend/web/routes/retention.ts(244,7): error TS2769: No overload matches this call.
  Overload 1 of 4, '(path: string, opts: RouteShorthandOptions<RawServerDefault, IncomingMessage, ServerResponse<IncomingMessage>, RouteGenericInterface, unknown, FastifySchema, FastifyTypeProviderDefault, FastifyBaseLogger> & { ...; }, handler?: WebsocketHandler<...> | undefined): FastifyInstance<...>', gave the following error.
    Argument of type '{ preHandler: ((request: FastifyRequest, reply: FastifyReply) => Promise<void>)[]; }' is not assignable to parameter of type 'RouteShorthandOptions<RawServerDefault, IncomingMessage, ServerResponse<IncomingMessage>, RouteGenericInterface, unknown, FastifySchema, FastifyTypeProviderDefault, FastifyBaseLogger> & { ...; }'.
      Property 'websocket' is missing in type '{ preHandler: ((request: FastifyRequest, reply: FastifyReply) => Promise<void>)[]; }' but required in type '{ websocket: true; }'.
  Overload 2 of 4, '(path: string, opts: RouteShorthandOptions<RawServerDefault, IncomingMessage, ServerResponse<IncomingMessage>, RouteGenericInterface, unknown, FastifySchema, FastifyTypeProviderDefault, FastifyBaseLogger>, handler: RouteHandlerMethod<...>): FastifyInstance<...>', gave the following error.
    Argument of type '(request: FastifyRequest<{ Body: SubscribeBody; }>, reply: FastifyReply) => Promise<never>' is not assignable to parameter of type 'RouteHandlerMethod<RawServerDefault, IncomingMessage, ServerResponse<IncomingMessage>, RouteGenericInterface, unknown, FastifySchema, FastifyTypeProviderDefault, FastifyBaseLogger>'.
      Types of parameters 'request' and 'request' are incompatible.
        Type 'FastifyRequest<RouteGenericInterface, RawServerDefault, IncomingMessage, FastifySchema, FastifyTypeProviderDefault, unknown, FastifyBaseLogger, ResolveFastifyRequestType<...>>' is not assignable to type 'FastifyRequest<{ Body: SubscribeBody; }, RawServerDefault, IncomingMessage, FastifySchema, FastifyTypeProviderDefault, unknown, FastifyBaseLogger, ResolveFastifyRequestType<...>>'.
          Type 'RouteGenericInterface' is not assignable to type '{ Body: SubscribeBody; }'.
            Types of property 'Body' are incompatible.
              Type 'unknown' is not assignable to type 'SubscribeBody'.
src/intelligence/PredictionExplanationEngine.ts(215,9): error TS2322: Type 'unknown' is not assignable to type 'string'.
src/intelligence/PredictionExplanationEngine.ts(219,9): error TS2322: Type 'unknown' is not assignable to type 'string'.
src/services/FactorEngine.ts(42,19): error TS2345: Argument of type 'unknown' is not assignable to parameter of type 'string'.
src/services/FactorEngine.ts(86,63): error TS2345: Argument of type '{}' is not assignable to parameter of type 'string'.
src/services/FactorEngine.ts(93,20): error TS18046: 'feat.trade_date' is of type 'unknown'.
src/services/FactorEngine.ts(101,23): error TS18046: 'financial.pe_ratio' is of type 'unknown'.
src/services/FactorEngine.ts(101,49): error TS18046: 'financial.pe_ratio' is of type 'unknown'.
src/services/FactorEngine.ts(102,18): error TS18046: 'financial.pe_ratio' is of type 'unknown'.
src/services/FactorEngine.ts(103,11): error TS18046: 'financial.pe_ratio' is of type 'unknown'.
src/services/FactorEngine.ts(104,24): error TS18046: 'financial.dividend_yield' is of type 'unknown'.
src/services/FactorEngine.ts(104,64): error TS18046: 'financial.dividend_yield' is of type 'unknown'.
src/services/FactorEngine.ts(105,44): error TS18048: 'feat.rsi' is possibly 'undefined'.
src/services/FactorEngine.ts(105,44): error TS2365: Operator '>=' cannot be applied to types '{}' and 'number'.
src/services/FactorEngine.ts(105,62): error TS18048: 'feat.rsi' is possibly 'undefined'.
src/services/FactorEngine.ts(105,62): error TS2365: Operator '<=' cannot be applied to types '{}' and 'number'.
src/services/FactorEngine.ts(110,23): error TS18046: 'financial.pe_ratio' is of type 'unknown'.
src/services/FactorEngine.ts(111,43): error TS18046: 'financial.pe_ratio' is of type 'unknown'.
src/services/FactorEngine.ts(113,26): error TS18046: 'financial.dividend_yield' is of type 'unknown'.
src/services/FactorEngine.ts(113,75): error TS18046: 'financial.dividend_yield' is of type 'unknown'.
src/services/FactorEngine.ts(135,73): error TS2362: The left-hand side of an arithmetic operation must be of type 'any', 'number', 'bigint' or an enum type.
src/services/FeatureEngine.ts(36,19): error TS2345: Argument of type 'unknown' is not assignable to parameter of type 'string'.
src/services/FeatureEngine.ts(241,45): error TS2345: Argument of type 'unknown' is not assignable to parameter of type 'string'.
src/services/FeatureEngine.ts(270,9): error TS2322: Type 'unknown' is not assignable to type 'string'.
src/services/retention/SubscriptionService.ts(98,21): error TS2322: Type 'UserSubscription | null' is not assignable to type 'UserSubscription'.
  Type 'null' is not assignable to type 'UserSubscription'.
src/services/retention/SubscriptionService.ts(129,7): error TS2322: Type 'UserSubscription | null' is not assignable to type 'UserSubscription'.
  Type 'null' is not assignable to type 'UserSubscription'.
